#
# A fatal error has been detected by the Java Runtime Environment:
#
#  SIGSEGV (0xb) at pc=0x00007f007c011ba0, pid=110048, tid=0x00007f009dce8700
#
# JRE version:  (8.0_131-b11) (build )
# Java VM: OpenJDK 64-Bit Server VM (25.131-b11 mixed mode linux-amd64 compressed oops)
# Problematic frame:
# C  0x00007f007c011ba0
#
# Failed to write core dump. Core dumps have been disabled. To enable core dumping, try "ulimit -c unlimited" before starting Java again
#
# If you would like to submit a bug report, please visit:
#   http://bugreport.java.com/bugreport/crash.jsp
#

---------------  T H R E A D  ---------------

Current thread (0x00007f00cc63c000):  JavaThread "C2 CompilerThread0" daemon [_thread_in_native, id=110081, stack(0x00007f009dbe8000,0x00007f009dce9000)]

siginfo: si_signo: 11 (SIGSEGV), si_code: 2 (SEGV_ACCERR), si_addr: 0x00007f007c011ba0

Registers:
RAX=0x0000000097e88095, RBX=0x00007f006899c9a0, RCX=0x00007f00d3c8f1b0, RDX=0x00007f006899c9d0
RSP=0x00007f00d3c8f1c0, RBP=0x00007f007c011a90, RSI=0x00007f00d3c8f108, RDI=0x00007f006899c808
R8 =0x0000000000000285, R9 =0x0000000000000004, R10=0x0000000000000001, R11=0x0000000000000000
R12=0x00007f007c012310, R13=0x00007f007c012270, R14=0x00007f009dce4e30, R15=0x00007f007c012310
RIP=0x00007f007c011ba0, EFLAGS=0x0000000000010a86, CSGSFS=0x002b000000000033, ERR=0x0000000000000015
  TRAPNO=0x000000000000000e

Top of Stack: (sp=0x00007f00d3c8f1c0)
0x00007f00d3c8f1c0:   00007f007c011b00 00007f007c011cd0
0x00007f00d3c8f1d0:   00007f007c011bf0 00007f007c011c60
0x00007f00d3c8f1e0:   00007f007c011a40 00007f007c011ac8
0x00007f00d3c8f1f0:   00007f007c011b50 0000000000000000
0x00007f00d3c8f200:   0000000000000000 0000000000000000
0x00007f00d3c8f210:   0000000000000000 0000000000000000
0x00007f00d3c8f220:   00007f007c013aa0 00007f007c013d20
0x00007f00d3c8f230:   00007f007c014250 00007f007c0143a0
0x00007f00d3c8f240:   00007f007c013aa0 00007f007c013bd0
0x00007f00d3c8f250:   00007f007c013f90 00007f007c0140e0
0x00007f00d3c8f260:   00007f007c013930 00007f007c013930
0x00007f00d3c8f270:   0000000000000000 0000000000000000
0x00007f00d3c8f280:   0000000000000000 0000000000000000
0x00007f00d3c8f290:   0000000000000000 0000000000000000
0x00007f00d3c8f2a0:   0000000000000000 0000000000000000
0x00007f00d3c8f2b0:   0000000000000000 0000000000000000
0x00007f00d3c8f2c0:   00007f007c011e30 00007f007c011e30
0x00007f00d3c8f2d0:   00007f007c011d20 00007f007c011d70
0x00007f00d3c8f2e0:   00007f007c011e30 00007f007c011e30
0x00007f00d3c8f2f0:   00007f007c011e30 00007f007c012570
0x00007f00d3c8f300:   00007f007c012c70 00007f007c012c70
0x00007f00d3c8f310:   00007f007c011a90 00007f007c012c70
0x00007f00d3c8f320:   00007f007c0135c0 0000000000000000
0x00007f00d3c8f330:   00007f007c0136c0 0000000000000000
0x00007f00d3c8f340:   0000000000000000 0000000000000000
0x00007f00d3c8f350:   0000000000000000 0000000000000000
0x00007f00d3c8f360:   00007f007c011ed0 00007f007c012170
0x00007f00d3c8f370:   00007f007c011bf0 00007f007c011c60
0x00007f00d3c8f380:   00007f007c012030 00007f007c012230
0x00007f00d3c8f390:   00007f007c012310 00007f007c012710
0x00007f00d3c8f3a0:   00007f007c013240 00007f007c013240
0x00007f00d3c8f3b0:   00007f007c012c70 00007f007c012df0 

Instructions: (pc=0x00007f007c011ba0)
0x00007f007c011b80:   00 00 00 00 00 00 00 00 00 af bb d3 00 7f 00 00
0x00007f007c011b90:   00 00 00 00 00 00 00 00 16 00 00 00 00 00 00 00
0x00007f007c011ba0:   00 af bb d3 00 7f 00 00 a0 1b 01 7c 00 7f 00 00
0x00007f007c011bb0:   17 00 00 00 00 00 00 00 a0 1b 01 7c 00 7f 00 00 

Register to memory mapping:

RAX=0x0000000097e88095 is an unallocated location in the heap
RBX=
[error occurred during error reporting (printing register info), id 0xb]

Stack: [0x00007f009dbe8000,0x00007f009dce9000],  sp=0x00007f00d3c8f1c0,  free space=885404k
Native frames: (J=compiled Java code, j=interpreted, Vv=VM code, C=native code)
C  0x00007f007c011ba0


Current CompileTask:
C2:5513493 5192       4       sun.misc.ProxyGenerator::codeLocalLoadStore (90 bytes)


---------------  P R O C E S S  ---------------

Java Threads: ( => current thread )
  0x00007f0000000002 
[error occurred during error reporting (printing all threads), id 0xb]

VM state:not at safepoint (normal execution)

VM Mutex/Monitor currently owned by a thread: None

Heap:
 PSYoungGen      total 279552K, used 206930K [0x00000000d6800000, 0x00000000e9200000, 0x0000000100000000)
  eden space 264704K, 72% used [0x00000000d6800000,0x00000000e23da8c8,0x00000000e6a80000)
  from space 14848K, 98% used [0x00000000e8380000,0x00000000e91b9f98,0x00000000e9200000)
  to   space 18944K, 0% used [0x00000000e6d00000,0x00000000e6d00000,0x00000000e7f80000)
 ParOldGen       total 104960K, used 22046K [0x0000000083800000, 0x0000000089e80000, 0x00000000d6800000)
  object space 104960K, 21% used [0x0000000083800000,0x0000000084d87ba8,0x0000000089e80000)
 Metaspace       used 52047K, capacity 52618K, committed 53080K, reserved 1095680K
  class space    used 6493K, capacity 6637K, committed 6744K, reserved 1048576K

Card table byte_map: [0x00007f00d0a74000,0x00007f00d0e59000] byte_map_base: 0x00007f00d0658000

Marking Bits: (ParMarkBitMap*) 0x00007f00d3c792c0
 Begin Bits: [0x00007f00ac1c0000, 0x00007f00ae0e0000)
 End Bits:   [0x00007f00ae0e0000, 0x00007f00b0000000)

Polling page: 0x00007f00d4acc000

CodeCache: size=245760Kb used=15897Kb max_used=17599Kb free=229862Kb
 bounds [0x00007f00bd000000, 0x00007f00be180000, 0x00007f00cc000000]
 total_blobs=4969 nmethods=4234 adapters=648
 compilation: enabled

Compilation events (10 events):
Event: 5513.401 Thread 0x00007f00cc643000 5183       1       org.apache.tomcat.util.net.NioChannel::getIOChannel (5 bytes)
Event: 5513.402 Thread 0x00007f00cc643000 nmethod 5183 0x00007f00bd4fb610 code [0x00007f00bd4fb760, 0x00007f00bd4fb870]
Event: 5513.402 Thread 0x00007f00cc643000 5185       3       org.springframework.core.annotation.AnnotationAwareOrderComparator::sort (18 bytes)
Event: 5513.403 Thread 0x00007f00cc643000 nmethod 5185 0x00007f00bd826d90 code [0x00007f00bd826f20, 0x00007f00bd827278]
Event: 5513.475 Thread 0x00007f00cc63c000 5187   !   4       org.apache.tomcat.util.http.parser.HttpParser::isToken (9 bytes)
Event: 5513.476 Thread 0x00007f00cc63c000 nmethod 5187 0x00007f00bd66fc90 code [0x00007f00bd66fde0, 0x00007f00bd66fe58]
Event: 5513.477 Thread 0x00007f00cc643000 5186       3       org.apache.coyote.http11.Http11InputBuffer::parseHeader (812 bytes)
Event: 5513.481 Thread 0x00007f00cc643000 nmethod 5186 0x00007f00bdeca610 code [0x00007f00bdecaae0, 0x00007f00bdecdc88]
Event: 5513.481 Thread 0x00007f00cc643000 5191   !   3       org.springframework.web.util.UrlPathHelper::decodeInternal (79 bytes)
Event: 5513.482 Thread 0x00007f00cc63c000 5192       4       sun.misc.ProxyGenerator::codeLocalLoadStore (90 bytes)

GC Heap History (10 events):
Event: 2.947 GC heap before
{Heap before GC invocations=6 (full 1):
 PSYoungGen      total 136192K, used 131072K [0x00000000d6800000, 0x00000000df200000, 0x0000000100000000)
  eden space 131072K, 100% used [0x00000000d6800000,0x00000000de800000,0x00000000de800000)
  from space 5120K, 0% used [0x00000000ded00000,0x00000000ded00000,0x00000000df200000)
  to   space 5120K, 0% used [0x00000000de800000,0x00000000de800000,0x00000000ded00000)
 ParOldGen       total 63488K, used 8368K [0x0000000083800000, 0x0000000087600000, 0x00000000d6800000)
  object space 63488K, 13% used [0x0000000083800000,0x000000008402c028,0x0000000087600000)
 Metaspace       used 25499K, capacity 25804K, committed 25984K, reserved 1073152K
  class space    used 3076K, capacity 3186K, committed 3200K, reserved 1048576K
Event: 2.963 GC heap after
Heap after GC invocations=6 (full 1):
 PSYoungGen      total 136192K, used 5091K [0x00000000d6800000, 0x00000000e3900000, 0x0000000100000000)
  eden space 131072K, 0% used [0x00000000d6800000,0x00000000d6800000,0x00000000de800000)
  from space 5120K, 99% used [0x00000000de800000,0x00000000decf8c58,0x00000000ded00000)
  to   space 11264K, 0% used [0x00000000e2e00000,0x00000000e2e00000,0x00000000e3900000)
 ParOldGen       total 63488K, used 11225K [0x0000000083800000, 0x0000000087600000, 0x00000000d6800000)
  object space 63488K, 17% used [0x0000000083800000,0x00000000842f64f8,0x0000000087600000)
 Metaspace       used 25499K, capacity 25804K, committed 25984K, reserved 1073152K
  class space    used 3076K, capacity 3186K, committed 3200K, reserved 1048576K
}
Event: 4.014 GC heap before
{Heap before GC invocations=7 (full 1):
 PSYoungGen      total 136192K, used 136163K [0x00000000d6800000, 0x00000000e3900000, 0x0000000100000000)
  eden space 131072K, 100% used [0x00000000d6800000,0x00000000de800000,0x00000000de800000)
  from space 5120K, 99% used [0x00000000de800000,0x00000000decf8c58,0x00000000ded00000)
  to   space 11264K, 0% used [0x00000000e2e00000,0x00000000e2e00000,0x00000000e3900000)
 ParOldGen       total 63488K, used 11225K [0x0000000083800000, 0x0000000087600000, 0x00000000d6800000)
  object space 63488K, 17% used [0x0000000083800000,0x00000000842f64f8,0x0000000087600000)
 Metaspace       used 30496K, capacity 30826K, committed 31232K, reserved 1077248K
  class space    used 3686K, capacity 3767K, committed 3840K, reserved 1048576K
Event: 4.038 GC heap after
Heap after GC invocations=7 (full 1):
 PSYoungGen      total 199680K, used 11239K [0x00000000d6800000, 0x00000000e3d00000, 0x0000000100000000)
  eden space 188416K, 0% used [0x00000000d6800000,0x00000000d6800000,0x00000000e2000000)
  from space 11264K, 99% used [0x00000000e2e00000,0x00000000e38f9c20,0x00000000e3900000)
  to   space 14336K, 0% used [0x00000000e2000000,0x00000000e2000000,0x00000000e2e00000)
 ParOldGen       total 63488K, used 14169K [0x0000000083800000, 0x0000000087600000, 0x00000000d6800000)
  object space 63488K, 22% used [0x0000000083800000,0x00000000845d6468,0x0000000087600000)
 Metaspace       used 30496K, capacity 30826K, committed 31232K, reserved 1077248K
  class space    used 3686K, capacity 3767K, committed 3840K, reserved 1048576K
}
Event: 4.724 GC heap before
{Heap before GC invocations=8 (full 1):
 PSYoungGen      total 199680K, used 139111K [0x00000000d6800000, 0x00000000e3d00000, 0x0000000100000000)
  eden space 188416K, 67% used [0x00000000d6800000,0x00000000de4e0220,0x00000000e2000000)
  from space 11264K, 99% used [0x00000000e2e00000,0x00000000e38f9c20,0x00000000e3900000)
  to   space 14336K, 0% used [0x00000000e2000000,0x00000000e2000000,0x00000000e2e00000)
 ParOldGen       total 63488K, used 14169K [0x0000000083800000, 0x0000000087600000, 0x00000000d6800000)
  object space 63488K, 22% used [0x0000000083800000,0x00000000845d6468,0x0000000087600000)
 Metaspace       used 34835K, capacity 35150K, committed 35416K, reserved 1081344K
  class space    used 4322K, capacity 4413K, committed 4440K, reserved 1048576K
Event: 4.743 GC heap after
Heap after GC invocations=8 (full 1):
 PSYoungGen      total 202752K, used 14321K [0x00000000d6800000, 0x00000000e9500000, 0x0000000100000000)
  eden space 188416K, 0% used [0x00000000d6800000,0x00000000d6800000,0x00000000e2000000)
  from space 14336K, 99% used [0x00000000e2000000,0x00000000e2dfc790,0x00000000e2e00000)
  to   space 17920K, 0% used [0x00000000e8380000,0x00000000e8380000,0x00000000e9500000)
 ParOldGen       total 63488K, used 16153K [0x0000000083800000, 0x0000000087600000, 0x00000000d6800000)
  object space 63488K, 25% used [0x0000000083800000,0x00000000847c6600,0x0000000087600000)
 Metaspace       used 34835K, capacity 35150K, committed 35416K, reserved 1081344K
  class space    used 4322K, capacity 4413K, committed 4440K, reserved 1048576K
}
Event: 4.743 GC heap before
{Heap before GC invocations=9 (full 2):
 PSYoungGen      total 202752K, used 14321K [0x00000000d6800000, 0x00000000e9500000, 0x0000000100000000)
  eden space 188416K, 0% used [0x00000000d6800000,0x00000000d6800000,0x00000000e2000000)
  from space 14336K, 99% used [0x00000000e2000000,0x00000000e2dfc790,0x00000000e2e00000)
  to   space 17920K, 0% used [0x00000000e8380000,0x00000000e8380000,0x00000000e9500000)
 ParOldGen       total 63488K, used 16153K [0x0000000083800000, 0x0000000087600000, 0x00000000d6800000)
  object space 63488K, 25% used [0x0000000083800000,0x00000000847c6600,0x0000000087600000)
 Metaspace       used 34835K, capacity 35150K, committed 35416K, reserved 1081344K
  class space    used 4322K, capacity 4413K, committed 4440K, reserved 1048576K
Event: 4.838 GC heap after
Heap after GC invocations=9 (full 2):
 PSYoungGen      total 202752K, used 0K [0x00000000d6800000, 0x00000000e9500000, 0x0000000100000000)
  eden space 188416K, 0% used [0x00000000d6800000,0x00000000d6800000,0x00000000e2000000)
  from space 14336K, 0% used [0x00000000e2000000,0x00000000e2000000,0x00000000e2e00000)
  to   space 17920K, 0% used [0x00000000e8380000,0x00000000e8380000,0x00000000e9500000)
 ParOldGen       total 104960K, used 22038K [0x0000000083800000, 0x0000000089e80000, 0x00000000d6800000)
  object space 104960K, 20% used [0x0000000083800000,0x0000000084d85ba8,0x0000000089e80000)
 Metaspace       used 34835K, capacity 35150K, committed 35416K, reserved 1081344K
  class space    used 4322K, capacity 4413K, committed 4440K, reserved 1048576K
}
Event: 6.883 GC heap before
{Heap before GC invocations=10 (full 2):
 PSYoungGen      total 202752K, used 188416K [0x00000000d6800000, 0x00000000e9500000, 0x0000000100000000)
  eden space 188416K, 100% used [0x00000000d6800000,0x00000000e2000000,0x00000000e2000000)
  from space 14336K, 0% used [0x00000000e2000000,0x00000000e2000000,0x00000000e2e00000)
  to   space 17920K, 0% used [0x00000000e8380000,0x00000000e8380000,0x00000000e9500000)
 ParOldGen       total 104960K, used 22038K [0x0000000083800000, 0x0000000089e80000, 0x00000000d6800000)
  object space 104960K, 20% used [0x0000000083800000,0x0000000084d85ba8,0x0000000089e80000)
 Metaspace       used 44791K, capacity 45254K, committed 45528K, reserved 1089536K
  class space    used 5707K, capacity 5825K, committed 5848K, reserved 1048576K
Event: 6.905 GC heap after
Heap after GC invocations=10 (full 2):
 PSYoungGen      total 279552K, used 14567K [0x00000000d6800000, 0x00000000e9200000, 0x0000000100000000)
  eden space 264704K, 0% used [0x00000000d6800000,0x00000000d6800000,0x00000000e6a80000)
  from space 14848K, 98% used [0x00000000e8380000,0x00000000e91b9f98,0x00000000e9200000)
  to   space 18944K, 0% used [0x00000000e6d00000,0x00000000e6d00000,0x00000000e7f80000)
 ParOldGen       total 104960K, used 22046K [0x0000000083800000, 0x0000000089e80000, 0x00000000d6800000)
  object space 104960K, 21% used [0x0000000083800000,0x0000000084d87ba8,0x0000000089e80000)
 Metaspace       used 44791K, capacity 45254K, committed 45528K, reserved 1089536K
  class space    used 5707K, capacity 5825K, committed 5848K, reserved 1048576K
}

Deoptimization events (10 events):
Event: 16.359 Thread 0x00007f00cd7bb000 Uncommon trap: reason=unstable_if action=reinterpret pc=0x00007f00bd24e294 method=java.lang.String.indexOf([CII[CIII)I @ 27
Event: 16.413 Thread 0x00007f00cd7bb000 Uncommon trap: reason=class_check action=maybe_recompile pc=0x00007f00bd994354 method=java.util.AbstractList$Itr.hasNext()Z @ 8
Event: 16.413 Thread 0x00007f00cd7bb000 Uncommon trap: reason=class_check action=maybe_recompile pc=0x00007f00bd994a08 method=java.util.AbstractList$Itr.next()Ljava/lang/Object; @ 14
Event: 20.654 Thread 0x00007f00cd7bc800 Uncommon trap: reason=bimorphic action=maybe_recompile pc=0x00007f00bd708dbc method=java.util.regex.Matcher.match(II)Z @ 86
Event: 5512.615 Thread 0x00007f00cd7c4800 Uncommon trap: reason=unstable_if action=reinterpret pc=0x00007f00bd11c404 method=java.nio.Buffer.limit(I)Ljava/nio/Buffer; @ 33
Event: 5512.728 Thread 0x00007f00cd7c4800 Uncommon trap: reason=unstable_if action=reinterpret pc=0x00007f00be079c94 method=java.util.concurrent.ConcurrentHashMap.putVal(Ljava/lang/Object;Ljava/lang/Object;Z)Ljava/lang/Object; @ 98
Event: 5512.766 Thread 0x00007f00cd7b8000 Uncommon trap: reason=unstable_if action=reinterpret pc=0x00007f00be0cef30 method=org.apache.tomcat.util.net.NioBlockingSelector$BlockPoller.events()Z @ 11
Event: 5512.844 Thread 0x00007f00cd7c6800 Uncommon trap: reason=unstable_if action=reinterpret pc=0x00007f00bd6fdad4 method=java.nio.Buffer.<init>(IIII)V @ 66
Event: 5512.844 Thread 0x00007f00cd7ca800 Uncommon trap: reason=unstable_if action=reinterpret pc=0x00007f00bd6fdad4 method=java.nio.Buffer.<init>(IIII)V @ 66
Event: 5512.861 Thread 0x00007f00cd7ca800 Uncommon trap: reason=unstable_if action=reinterpret pc=0x00007f00bd7c0494 method=java.lang.Class.annotationData()Ljava/lang/Class$AnnotationData; @ 36

Internal exceptions (10 events):
Event: 16.037 Thread 0x00007f00cd7bb000 Exception <a 'java/lang/ClassNotFoundException': org/springframework/web/servlet/theme/FixedThemeResolverCustomizer> (0x00000000defe7268) thrown at [/build/openjdk-8-pZyJp3/openjdk-8-8u131-b11/src/hotspot/src/share/vm/classfile/systemDictionary.cpp, line 
Event: 16.037 Thread 0x00007f00cd7bb000 Exception <a 'java/lang/ClassNotFoundException': org/springframework/web/servlet/ThemeResolverCustomizer> (0x00000000df0053e0) thrown at [/build/openjdk-8-pZyJp3/openjdk-8-8u131-b11/src/hotspot/src/share/vm/classfile/systemDictionary.cpp, line 210]
Event: 16.040 Thread 0x00007f00cd7bb000 Exception <a 'java/lang/ClassNotFoundException': java/lang/ObjectCustomizer> (0x00000000df029b90) thrown at [/build/openjdk-8-pZyJp3/openjdk-8-8u131-b11/src/hotspot/src/share/vm/classfile/systemDictionary.cpp, line 210]
Event: 16.040 Thread 0x00007f00cd7bb000 Exception <a 'java/lang/ClassNotFoundException': org/springframework/web/servlet/view/DefaultRequestToViewNameTranslatorCustomizer> (0x00000000df0503b0) thrown at [/build/openjdk-8-pZyJp3/openjdk-8-8u131-b11/src/hotspot/src/share/vm/classfile/systemDictio
Event: 16.040 Thread 0x00007f00cd7bb000 Exception <a 'java/lang/ClassNotFoundException': org/springframework/web/servlet/RequestToViewNameTranslatorCustomizer> (0x00000000df081428) thrown at [/build/openjdk-8-pZyJp3/openjdk-8-8u131-b11/src/hotspot/src/share/vm/classfile/systemDictionary.cpp, li
Event: 16.043 Thread 0x00007f00cd7bb000 Exception <a 'java/lang/ClassNotFoundException': java/lang/ObjectCustomizer> (0x00000000df0c0218) thrown at [/build/openjdk-8-pZyJp3/openjdk-8-8u131-b11/src/hotspot/src/share/vm/classfile/systemDictionary.cpp, line 210]
Event: 16.043 Thread 0x00007f00cd7bb000 Exception <a 'java/lang/ClassNotFoundException': org/springframework/web/servlet/support/AbstractFlashMapManagerCustomizer> (0x00000000df0e4130) thrown at [/build/openjdk-8-pZyJp3/openjdk-8-8u131-b11/src/hotspot/src/share/vm/classfile/systemDictionary.cpp
Event: 16.044 Thread 0x00007f00cd7bb000 Exception <a 'java/lang/ClassNotFoundException': org/springframework/web/servlet/support/SessionFlashMapManagerCustomizer> (0x00000000df10bf00) thrown at [/build/openjdk-8-pZyJp3/openjdk-8-8u131-b11/src/hotspot/src/share/vm/classfile/systemDictionary.cpp,
Event: 16.044 Thread 0x00007f00cd7bb000 Exception <a 'java/lang/ClassNotFoundException': org/springframework/web/servlet/FlashMapManagerCustomizer> (0x00000000df12a118) thrown at [/build/openjdk-8-pZyJp3/openjdk-8-8u131-b11/src/hotspot/src/share/vm/classfile/systemDictionary.cpp, line 210]
Event: 16.077 Thread 0x00007f00cd7bb000 Implicit null exception at 0x00007f00be0dddcc to 0x00007f00be0e82b9

Events (10 events):
Event: 5513.394 Thread 0x00007f00cc643000 flushing nmethod 0x00007f00bd3439d0
Event: 5513.398 Thread 0x00007f00cc643000 flushing nmethod 0x00007f00bd45ae50
Event: 5513.398 Thread 0x00007f00cc643000 flushing nmethod 0x00007f00bd47d710
Event: 5513.399 Thread 0x00007f00cc643000 flushing nmethod 0x00007f00bd554d10
Event: 5513.399 Thread 0x00007f00cc643000 flushing nmethod 0x00007f00bd556850
Event: 5513.400 Thread 0x00007f00cc643000 flushing nmethod 0x00007f00bd6a9dd0
Event: 5513.402 Thread 0x00007f00cc643000 flushing nmethod 0x00007f00bd7f65d0
Event: 5513.402 Thread 0x00007f00cc643000 flushing nmethod 0x00007f00bd826d90
Event: 5513.403 Thread 0x00007f00cc643000 flushing nmethod 0x00007f00bd936f10
Event: 5513.481 Thread 0x00007f00cc643000 flushing nmethod 0x00007f00bdb83e90


Dynamic libraries:
00400000-00401000 r-xp 00000000 08:01 269182                             /usr/lib/jvm/java-8-openjdk-amd64/jre/bin/java
00600000-00601000 r--p 00000000 08:01 269182                             /usr/lib/jvm/java-8-openjdk-amd64/jre/bin/java
00601000-00602000 rw-p 00001000 08:01 269182                             /usr/lib/jvm/java-8-openjdk-amd64/jre/bin/java
006cc000-006ed000 rw-p 00000000 00:00 0                                  [heap]
83800000-89e80000 rw-p 00000000 00:00 0 
89e80000-d6800000 ---p 00000000 00:00 0 
d6800000-e9200000 rw-p 00000000 00:00 0 
e9200000-100000000 ---p 00000000 00:00 0 
100000000-100696000 rw-p 00000000 00:00 0 
100696000-140000000 ---p 00000000 00:00 0 
7f0010000000-7f0010021000 rw-p 00000000 00:00 0 
7f0010021000-7f0014000000 ---p 00000000 00:00 0 
7f0018000000-7f0018021000 rw-p 00000000 00:00 0 
7f0018021000-7f001c000000 ---p 00000000 00:00 0 
7f001c000000-7f001c025000 rw-p 00000000 00:00 0 
7f001c025000-7f0020000000 ---p 00000000 00:00 0 
7f0020000000-7f0020021000 rw-p 00000000 00:00 0 
7f0020021000-7f0024000000 ---p 00000000 00:00 0 
7f0024000000-7f0024021000 rw-p 00000000 00:00 0 
7f0024021000-7f0028000000 ---p 00000000 00:00 0 
7f0028000000-7f0028021000 rw-p 00000000 00:00 0 
7f0028021000-7f002c000000 ---p 00000000 00:00 0 
7f002c000000-7f002c021000 rw-p 00000000 00:00 0 
7f002c021000-7f0030000000 ---p 00000000 00:00 0 
7f0030000000-7f0030021000 rw-p 00000000 00:00 0 
7f0030021000-7f0034000000 ---p 00000000 00:00 0 
7f0034000000-7f0034021000 rw-p 00000000 00:00 0 
7f0034021000-7f0038000000 ---p 00000000 00:00 0 
7f0038000000-7f0038021000 rw-p 00000000 00:00 0 
7f0038021000-7f003c000000 ---p 00000000 00:00 0 
7f003c000000-7f003c026000 rw-p 00000000 00:00 0 
7f003c026000-7f0040000000 ---p 00000000 00:00 0 
7f0040000000-7f0040021000 rw-p 00000000 00:00 0 
7f0040021000-7f0044000000 ---p 00000000 00:00 0 
7f0044000000-7f0044021000 rw-p 00000000 00:00 0 
7f0044021000-7f0048000000 ---p 00000000 00:00 0 
7f0048000000-7f0048021000 rw-p 00000000 00:00 0 
7f0048021000-7f004c000000 ---p 00000000 00:00 0 
7f004c000000-7f004c6d3000 rw-p 00000000 00:00 0 
7f004c6d3000-7f0050000000 ---p 00000000 00:00 0 
7f0050000000-7f0050021000 rw-p 00000000 00:00 0 
7f0050021000-7f0054000000 ---p 00000000 00:00 0 
7f0054000000-7f0054021000 rw-p 00000000 00:00 0 
7f0054021000-7f0058000000 ---p 00000000 00:00 0 
7f0058000000-7f005806d000 rw-p 00000000 00:00 0 
7f005806d000-7f005c000000 ---p 00000000 00:00 0 
7f005c000000-7f005c021000 rw-p 00000000 00:00 0 
7f005c021000-7f0060000000 ---p 00000000 00:00 0 
7f0060000000-7f0060021000 rw-p 00000000 00:00 0 
7f0060021000-7f0064000000 ---p 00000000 00:00 0 
7f0064000000-7f00642f3000 rw-p 00000000 00:00 0 
7f00642f3000-7f0068000000 ---p 00000000 00:00 0 
7f0068000000-7f0068d40000 rw-p 00000000 00:00 0 
7f0068d40000-7f006c000000 ---p 00000000 00:00 0 
7f006c000000-7f006c021000 rw-p 00000000 00:00 0 
7f006c021000-7f0070000000 ---p 00000000 00:00 0 
7f0070000000-7f00715b4000 rw-p 00000000 00:00 0 
7f00715b4000-7f0074000000 ---p 00000000 00:00 0 
7f0074000000-7f0075acd000 rw-p 00000000 00:00 0 
7f0075acd000-7f0078000000 ---p 00000000 00:00 0 
7f0078000000-7f0078033000 rw-p 00000000 00:00 0 
7f0078033000-7f007c000000 ---p 00000000 00:00 0 
7f007c000000-7f007da49000 rw-p 00000000 00:00 0 
7f007da49000-7f0080000000 ---p 00000000 00:00 0 
7f0080000000-7f0080021000 rw-p 00000000 00:00 0 
7f0080021000-7f0084000000 ---p 00000000 00:00 0 
7f0084000000-7f0084021000 rw-p 00000000 00:00 0 
7f0084021000-7f0088000000 ---p 00000000 00:00 0 
7f0088000000-7f008802a000 rw-p 00000000 00:00 0 
7f008802a000-7f008c000000 ---p 00000000 00:00 0 
7f008c000000-7f008c021000 rw-p 00000000 00:00 0 
7f008c021000-7f0090000000 ---p 00000000 00:00 0 
7f0090000000-7f0090021000 rw-p 00000000 00:00 0 
7f0090021000-7f0094000000 ---p 00000000 00:00 0 
7f00952d7000-7f0095417000 rw-p 00000000 00:00 0 
7f0095417000-7f00954d7000 ---p 00000000 00:00 0 
7f00954d7000-7f00956d7000 rw-p 00000000 00:00 0 
7f00956d7000-7f00956da000 ---p 00000000 00:00 0 
7f00956da000-7f00957d8000 rw-p 00000000 00:00 0 
7f00957d8000-7f00957db000 ---p 00000000 00:00 0 
7f00957db000-7f00958d9000 rw-p 00000000 00:00 0 
7f00958d9000-7f00958dc000 ---p 00000000 00:00 0 
7f00958dc000-7f00959da000 rw-p 00000000 00:00 0 
7f00959da000-7f00959dd000 ---p 00000000 00:00 0 
7f00959dd000-7f0095adb000 rw-p 00000000 00:00 0 
7f0095adb000-7f0095ade000 ---p 00000000 00:00 0 
7f0095ade000-7f0095bdc000 rw-p 00000000 00:00 0 
7f0095bdc000-7f0095bdf000 ---p 00000000 00:00 0 
7f0095bdf000-7f0095cdd000 rw-p 00000000 00:00 0 
7f0095cdd000-7f0095ce0000 ---p 00000000 00:00 0 
7f0095ce0000-7f0095dde000 rw-p 00000000 00:00 0 
7f0095dde000-7f0095de1000 ---p 00000000 00:00 0 
7f0095de1000-7f0095edf000 rw-p 00000000 00:00 0 
7f0095edf000-7f0095ee2000 ---p 00000000 00:00 0 
7f0095ee2000-7f0095fe0000 rw-p 00000000 00:00 0 
7f0095fe0000-7f0095fe3000 ---p 00000000 00:00 0 
7f0095fe3000-7f00960e1000 rw-p 00000000 00:00 0 
7f00960e1000-7f00960e4000 ---p 00000000 00:00 0 
7f00960e4000-7f00961e2000 rw-p 00000000 00:00 0 
7f00961e2000-7f00961e5000 ---p 00000000 00:00 0 
7f00961e5000-7f00962e3000 rw-p 00000000 00:00 0 
7f00962e3000-7f00962e6000 ---p 00000000 00:00 0 
7f00962e6000-7f00963e4000 rw-p 00000000 00:00 0 
7f00963e4000-7f00963e7000 ---p 00000000 00:00 0 
7f00963e7000-7f00966e5000 rw-p 00000000 00:00 0 
7f00966e5000-7f00968e5000 rw-p 00000000 00:00 0 
7f00968e5000-7f0096ae5000 rw-p 00000000 00:00 0 
7f0096ae5000-7f0096ce5000 rw-p 00000000 00:00 0 
7f0096cfd000-7f0096d00000 ---p 00000000 00:00 0 
7f0096d00000-7f0096ffe000 rw-p 00000000 00:00 0 
7f0096ffe000-7f00971fe000 rw-p 00000000 00:00 0 
7f00971fe000-7f00973fe000 rw-p 00000000 00:00 0 
7f00973fe000-7f0097401000 ---p 00000000 00:00 0 
7f0097401000-7f00976ff000 rw-p 00000000 00:00 0 
7f00976ff000-7f0097702000 ---p 00000000 00:00 0 
7f0097702000-7f0097a00000 rw-p 00000000 00:00 0 
7f0097a00000-7f0097e00000 rw-p 00000000 00:00 0 
7f0097e00000-7f0098000000 rw-p 00000000 00:00 0 
7f0098000000-7f0098021000 rw-p 00000000 00:00 0 
7f0098021000-7f009c000000 ---p 00000000 00:00 0 
7f009c0a0000-7f009c0a3000 ---p 00000000 00:00 0 
7f009c0a3000-7f009c1a1000 rw-p 00000000 00:00 0 
7f009c1a1000-7f009c1a6000 r--s 002f9000 08:01 150929                     /usr/lib/jvm/java-8-openjdk-amd64/jre/lib/charsets.jar
7f009c1a6000-7f009c1ab000 r--s 0009a000 08:01 150924                     /usr/lib/jvm/java-8-openjdk-amd64/jre/lib/jsse.jar
7f009c1ab000-7f009c1ae000 ---p 00000000 00:00 0 
7f009c1ae000-7f009c4ac000 rw-p 00000000 00:00 0 
7f009c4ac000-7f009c4bd000 r-xp 00000000 08:01 268423                     /usr/lib/jvm/java-8-openjdk-amd64/jre/lib/amd64/libnio.so
7f009c4bd000-7f009c6bd000 ---p 00011000 08:01 268423                     /usr/lib/jvm/java-8-openjdk-amd64/jre/lib/amd64/libnio.so
7f009c6bd000-7f009c6be000 r--p 00011000 08:01 268423                     /usr/lib/jvm/java-8-openjdk-amd64/jre/lib/amd64/libnio.so
7f009c6be000-7f009c6bf000 rw-p 00012000 08:01 268423                     /usr/lib/jvm/java-8-openjdk-amd64/jre/lib/amd64/libnio.so
7f009c6bf000-7f009c8bf000 rw-p 00000000 00:00 0 
7f009c8bf000-7f009cabf000 rw-p 00000000 00:00 0 
7f009cabf000-7f009ccbf000 rw-p 00000000 00:00 0 
7f009ccbf000-7f009cebf000 rw-p 00000000 00:00 0 
7f009cebf000-7f009cec2000 ---p 00000000 00:00 0 
7f009cec2000-7f009cfc0000 rw-p 00000000 00:00 0 
7f009cfc0000-7f009cfc9000 r-xp 00000000 08:01 268437                     /usr/lib/jvm/java-8-openjdk-amd64/jre/lib/amd64/libmanagement.so
7f009cfc9000-7f009d1c8000 ---p 00009000 08:01 268437                     /usr/lib/jvm/java-8-openjdk-amd64/jre/lib/amd64/libmanagement.so
7f009d1c8000-7f009d1c9000 r--p 00008000 08:01 268437                     /usr/lib/jvm/java-8-openjdk-amd64/jre/lib/amd64/libmanagement.so
7f009d1c9000-7f009d1ca000 rw-p 00009000 08:01 268437                     /usr/lib/jvm/java-8-openjdk-amd64/jre/lib/amd64/libmanagement.so
7f009d1ca000-7f009d1cb000 ---p 00000000 00:00 0 
7f009d1cb000-7f009d2cb000 rw-p 00000000 00:00 0 
7f009d2cb000-7f009d2ce000 ---p 00000000 00:00 0 
7f009d2ce000-7f009d6cd000 rw-p 00000000 00:00 0 
7f009d6cd000-7f009d6e4000 r-xp 00000000 08:01 268443                     /usr/lib/jvm/java-8-openjdk-amd64/jre/lib/amd64/libnet.so
7f009d6e4000-7f009d8e3000 ---p 00017000 08:01 268443                     /usr/lib/jvm/java-8-openjdk-amd64/jre/lib/amd64/libnet.so
7f009d8e3000-7f009d8e4000 r--p 00016000 08:01 268443                     /usr/lib/jvm/java-8-openjdk-amd64/jre/lib/amd64/libnet.so
7f009d8e4000-7f009d8e5000 rw-p 00017000 08:01 268443                     /usr/lib/jvm/java-8-openjdk-amd64/jre/lib/amd64/libnet.so
7f009d8e5000-7f009d8e8000 ---p 00000000 00:00 0 
7f009d8e8000-7f009d9e6000 rw-p 00000000 00:00 0 
7f009d9e6000-7f009d9e9000 ---p 00000000 00:00 0 
7f009d9e9000-7f009dae7000 rw-p 00000000 00:00 0 
7f009dae7000-7f009daea000 ---p 00000000 00:00 0 
7f009daea000-7f009dbe8000 rw-p 00000000 00:00 0 
7f009dbe8000-7f009dbeb000 ---p 00000000 00:00 0 
7f009dbeb000-7f009dce9000 rw-p 00000000 00:00 0 
7f009dce9000-7f009dcec000 ---p 00000000 00:00 0 
7f009dcec000-7f009ddea000 rw-p 00000000 00:00 0 
7f009ddea000-7f009ddec000 r--s 0001a000 08:01 425480                     /home/ded/Downloads/idea-IU-172.3544.35/lib/idea_rt.jar
7f009ddec000-7f009ddee000 r--s 0000c000 08:01 400290                     /home/ded/.m2/repository/org/springframework/security/spring-security-crypto/4.2.3.RELEASE/spring-security-crypto-4.2.3.RELEASE.jar
7f009ddee000-7f009ddf3000 r--s 0002a000 08:01 806017                     /home/ded/.m2/repository/com/google/code/gson/gson/2.2.2/gson-2.2.2.jar
7f009ddf3000-7f009ddf8000 r--s 00041000 08:01 937309                     /home/ded/.m2/repository/commons-lang/commons-lang/2.6/commons-lang-2.6.jar
7f009ddf8000-7f009de01000 r--s 0002d000 08:01 395810                     /home/ded/.m2/repository/xml-apis/xml-apis/1.4.01/xml-apis-1.4.01.jar
7f009de01000-7f009de1a000 r--s 00134000 08:01 395814                     /home/ded/.m2/repository/xerces/xercesImpl/2.10.0/xercesImpl-2.10.0.jar
7f009de1a000-7f009de1d000 r--s 0001c000 08:01 543282                     /home/ded/.m2/repository/net/sourceforge/nekohtml/nekohtml/1.9.21/nekohtml-1.9.21.jar
7f009de1d000-7f009de69000 r--s 0040e000 08:01 937356                     /home/ded/.m2/repository/org/codehaus/groovy/groovy/2.4.12/groovy-2.4.12.jar
7f009de69000-7f009de6c000 r--s 0001a000 08:01 936292                     /home/ded/.m2/repository/nz/net/ultraq/thymeleaf/thymeleaf-layout-dialect/1.4.0/thymeleaf-layout-dialect-1.4.0.jar
7f009de6c000-7f009de6f000 r--s 00020000 08:01 936240                     /home/ded/.m2/repository/org/unbescape/unbescape/1.1.0.RELEASE/unbescape-1.1.0.RELEASE.jar
7f009de6f000-7f009de72000 r--s 00035000 08:01 936290                     /home/ded/.m2/repository/ognl/ognl/3.0.8/ognl-3.0.8.jar
7f009de72000-7f009de7f000 r--s 000b7000 08:01 936288                     /home/ded/.m2/repository/org/thymeleaf/thymeleaf/2.1.5.RELEASE/thymeleaf-2.1.5.RELEASE.jar
7f009de7f000-7f009de82000 r--s 00034000 08:01 805546                     /home/ded/.m2/repository/org/thymeleaf/thymeleaf-spring4/2.1.5.RELEASE/thymeleaf-spring4-2.1.5.RELEASE.jar
7f009de82000-7f009de83000 r--s 00000000 08:01 678585                     /home/ded/.m2/repository/org/springframework/boot/spring-boot-starter-thymeleaf/1.5.6.RELEASE/spring-boot-starter-thymeleaf-1.5.6.RELEASE.jar
7f009de83000-7f009de87000 r--s 0002a000 08:01 543293                     /home/ded/.m2/repository/commons-io/commons-io/2.4/commons-io-2.4.jar
7f009de87000-7f009de89000 r--s 0000f000 08:01 1235989                    /home/ded/.m2/repository/commons-fileupload/commons-fileupload/1.3.1/commons-fileupload-1.3.1.jar
7f009de89000-7f009de8e000 r--s 00029000 08:01 805997                     /home/ded/.m2/repository/org/springframework/spring-context-support/4.3.10.RELEASE/spring-context-support-4.3.10.RELEASE.jar
7f009de8e000-7f009de93000 r--s 0003c000 08:01 422444                     /home/ded/.m2/repository/org/springframework/spring-expression/4.3.10.RELEASE/spring-expression-4.3.10.RELEASE.jar
7f009de93000-7f009dea1000 r--s 000ad000 08:01 422436                     /home/ded/.m2/repository/org/springframework/spring-beans/4.3.10.RELEASE/spring-beans-4.3.10.RELEASE.jar
7f009dea1000-7f009deaa000 r--s 00054000 08:01 422414                     /home/ded/.m2/repository/org/springframework/spring-aop/4.3.10.RELEASE/spring-aop-4.3.10.RELEASE.jar
7f009deaa000-7f009dec3000 r--s 000fe000 08:01 422432                     /home/ded/.m2/repository/org/springframework/spring-context/4.3.10.RELEASE/spring-context-4.3.10.RELEASE.jar
7f009dec3000-7f009dec5000 r--s 0000e000 08:01 527550                     /home/ded/.m2/repository/javax/activation/activation/1.1/activation-1.1.jar
7f009dec5000-7f009decd000 r--s 00078000 08:01 805991                     /home/ded/.m2/repository/javax/mail/mail/1.4.7/mail-1.4.7.jar
7f009decd000-7f009ded0000 r--s 0002b000 08:01 539521                     /home/ded/.m2/repository/org/jboss/jandex/2.0.0.Final/jandex-2.0.0.Final.jar
7f009ded0000-7f009ded5000 r--s 00068000 08:01 539519                     /home/ded/.m2/repository/antlr/antlr/2.7.7/antlr-2.7.7.jar
7f009ded5000-7f009df3e000 r--s 004f3000 08:01 422426                     /home/ded/.m2/repository/org/hibernate/hibernate-core/5.0.12.Final/hibernate-core-5.0.12.Final.jar
7f009df3e000-7f009df48000 r--s 000aa000 08:01 539517                     /home/ded/.m2/repository/org/javassist/javassist/3.21.0-GA/javassist-3.21.0-GA.jar
7f009df48000-7f009df4d000 r--s 00017000 08:01 539515                     /home/ded/.m2/repository/org/hibernate/javax/persistence/hibernate-jpa-2.1-api/1.0.0.Final/hibernate-jpa-2.1-api-1.0.0.Final.jar
7f009df4d000-7f009df50000 r--s 00010000 08:01 539525                     /home/ded/.m2/repository/org/hibernate/common/hibernate-commons-annotations/5.0.1.Final/hibernate-commons-annotations-5.0.1.Final.jar
7f009df50000-7f009df55000 r--s 00048000 08:01 539523                     /home/ded/.m2/repository/dom4j/dom4j/1.6.1/dom4j-1.6.1.jar
7f009df55000-7f009df58000 r--s 0000e000 08:01 422428                     /home/ded/.m2/repository/org/jboss/logging/jboss-logging/3.3.1.Final/jboss-logging-3.3.1.Final.jar
7f009df58000-7f009df65000 r--s 00089000 08:01 539527                     /home/ded/.m2/repository/org/hibernate/hibernate-entitymanager/5.0.12.Final/hibernate-entitymanager-5.0.12.Final.jar
7f009df65000-7f009df6d000 r--s 0009a000 08:01 937231                     /home/ded/.m2/repository/org/postgresql/postgresql/9.4-1206-jdbc42/postgresql-9.4-1206-jdbc42.jar
7f009df6d000-7f009df6f000 r--s 00009000 08:01 422438                     /home/ded/.m2/repository/org/slf4j/slf4j-api/1.7.25/slf4j-api-1.7.25.jar
7f009df6f000-7f009df86000 r--s 000fc000 08:01 422446                     /home/ded/.m2/repository/org/springframework/spring-core/4.3.10.RELEASE/spring-core-4.3.10.RELEASE.jar
7f009df86000-7f009df97000 r--s 000cf000 08:01 539559                     /home/ded/.m2/repository/org/springframework/spring-webmvc/4.3.10.RELEASE/spring-webmvc-4.3.10.RELEASE.jar
7f009df97000-7f009dfa8000 r--s 000b8000 08:01 539557                     /home/ded/.m2/repository/org/springframework/spring-web/4.3.10.RELEASE/spring-web-4.3.10.RELEASE.jar
7f009dfa8000-7f009dfac000 r--s 00042000 08:01 539555                     /home/ded/.m2/repository/com/fasterxml/jackson/core/jackson-core/2.8.9/jackson-core-2.8.9.jar
7f009dfac000-7f009dfaf000 r--s 0000b000 08:01 539553                     /home/ded/.m2/repository/com/fasterxml/jackson/core/jackson-annotations/2.8.0/jackson-annotations-2.8.0.jar
7f009dfaf000-7f009dfc1000 r--s 0011e000 08:01 539551                     /home/ded/.m2/repository/com/fasterxml/jackson/core/jackson-databind/2.8.9/jackson-databind-2.8.9.jar
7f009dfc1000-7f009dfc3000 r--s 0000e000 08:01 422442                     /home/ded/.m2/repository/com/fasterxml/classmate/1.3.3/classmate-1.3.3.jar
7f009dfc3000-7f009dfc7000 r--s 0000c000 08:01 539549                     /home/ded/.m2/repository/javax/validation/validation-api/1.1.0.Final/validation-api-1.1.0.Final.jar
7f009dfc7000-7f009dfd8000 r--s 000a1000 08:01 539547                     /home/ded/.m2/repository/org/hibernate/hibernate-validator/5.3.5.Final/hibernate-validator-5.3.5.Final.jar
7f009dfd8000-7f009dfe2000 r--s 00125000 08:01 425035                     /home/ded/.m2/repository/com/h2database/h2/1.3.156/h2-1.3.156.jar
7f009dfe2000-7f009e00b000 r--s 002c2000 08:01 539541                     /home/ded/.m2/repository/org/apache/tomcat/embed/tomcat-embed-core/8.5.16/tomcat-embed-core-8.5.16.jar
7f009e00b000-7f009e00e000 ---p 00000000 00:00 0 
7f009e00e000-7f009e10c000 rw-p 00000000 00:00 0 
7f009e10c000-7f009e3e4000 r--p 00000000 08:01 131272                     /usr/lib/locale/locale-archive
7f009e3e4000-7f009e3e7000 ---p 00000000 00:00 0 
7f009e3e7000-7f009e4e5000 rw-p 00000000 00:00 0 
7f009e4e5000-7f009e4e8000 ---p 00000000 00:00 0 
7f009e4e8000-7f009e5e6000 rw-p 00000000 00:00 0 
7f009e5e6000-7f009e5e7000 ---p 00000000 00:00 0 
7f009e5e7000-7f00a0000000 rw-p 00000000 00:00 0 
7f00a0000000-7f00a0021000 rw-p 00000000 00:00 0 
7f00a0021000-7f00a4000000 ---p 00000000 00:00 0 
7f00a4000000-7f00a4021000 rw-p 00000000 00:00 0 
7f00a4021000-7f00a8000000 ---p 00000000 00:00 0 
7f00a8000000-7f00a8021000 rw-p 00000000 00:00 0 
7f00a8021000-7f00ac000000 ---p 00000000 00:00 0 
7f00ac000000-7f00ac001000 r--s 00003000 08:01 805688                     /home/ded/.m2/repository/org/apache/geronimo/specs/geronimo-jta_1.1_spec/1.1.1/geronimo-jta_1.1_spec-1.1.1.jar
7f00ac001000-7f00ac007000 r--s 00037000 08:01 539545                     /home/ded/.m2/repository/org/apache/tomcat/embed/tomcat-embed-websocket/8.5.16/tomcat-embed-websocket-8.5.16.jar
7f00ac007000-7f00ac008000 r--s 00000000 08:01 539539                     /home/ded/.m2/repository/org/springframework/boot/spring-boot-starter-tomcat/1.5.6.RELEASE/spring-boot-starter-tomcat-1.5.6.RELEASE.jar
7f00ac008000-7f00ac009000 r--s 00000000 08:01 539537                     /home/ded/.m2/repository/org/springframework/boot/spring-boot-starter-web/1.5.6.RELEASE/spring-boot-starter-web-1.5.6.RELEASE.jar
7f00ac009000-7f00ac00e000 r--s 00036000 08:01 539543                     /home/ded/.m2/repository/org/apache/tomcat/embed/tomcat-embed-el/8.5.16/tomcat-embed-el-8.5.16.jar
7f00ac00e000-7f00ac059000 r--s 002ff000 08:01 1590812                    /home/ded/.m2/repository/org/bouncycastle/bcprov-jdk15on/1.56/bcprov-jdk15on-1.56.jar
7f00ac059000-7f00ac06a000 r--s 00097000 08:01 1326747                    /home/ded/.m2/repository/org/bouncycastle/bcpkix-jdk15on/1.56/bcpkix-jdk15on-1.56.jar
7f00ac06a000-7f00ac06d000 r--s 0000c000 08:01 539535                     /home/ded/.m2/repository/org/springframework/spring-aspects/4.3.10.RELEASE/spring-aspects-4.3.10.RELEASE.jar
7f00ac06d000-7f00ac06f000 r--s 00003000 08:01 422440                     /home/ded/.m2/repository/org/slf4j/jcl-over-slf4j/1.7.25/jcl-over-slf4j-1.7.25.jar
7f00ac06f000-7f00ac077000 r--s 0003a000 08:01 422434                     /home/ded/.m2/repository/org/springframework/spring-tx/4.3.10.RELEASE/spring-tx-4.3.10.RELEASE.jar
7f00ac077000-7f00ac081000 r--s 0006b000 08:01 539533                     /home/ded/.m2/repository/org/springframework/spring-orm/4.3.10.RELEASE/spring-orm-4.3.10.RELEASE.jar
7f00ac081000-7f00ac093000 r--s 000ad000 08:01 539531                     /home/ded/.m2/repository/org/springframework/data/spring-data-commons/1.13.6.RELEASE/spring-data-commons-1.13.6.RELEASE.jar
7f00ac093000-7f00ac09a000 r--s 00040000 08:01 422430                     /home/ded/.m2/repository/org/springframework/data/spring-data-jpa/1.11.6.RELEASE/spring-data-jpa-1.11.6.RELEASE.jar
7f00ac09a000-7f00ac09c000 r--s 00006000 08:01 539529                     /home/ded/.m2/repository/javax/transaction/javax.transaction-api/1.2/javax.transaction-api-1.2.jar
7f00ac09c000-7f00ac0a6000 r--s 0005f000 08:01 422424                     /home/ded/.m2/repository/org/springframework/spring-jdbc/4.3.10.RELEASE/spring-jdbc-4.3.10.RELEASE.jar
7f00ac0a6000-7f00ac0a7000 r--s 0000a000 08:01 422422                     /home/ded/.m2/repository/org/apache/tomcat/tomcat-juli/8.5.16/tomcat-juli-8.5.16.jar
7f00ac0a7000-7f00ac0bf000 r--s 001bf000 08:01 422416                     /home/ded/.m2/repository/org/aspectj/aspectjweaver/1.8.10/aspectjweaver-1.8.10.jar
7f00ac0bf000-7f00b0000000 rw-p 00000000 00:00 0 
7f00b0000000-7f00b0021000 rw-p 00000000 00:00 0 
7f00b0021000-7f00b4000000 ---p 00000000 00:00 0 
7f00b4000000-7f00b4021000 rw-p 00000000 00:00 0 
7f00b4021000-7f00b8000000 ---p 00000000 00:00 0 
7f00b8000000-7f00b8021000 rw-p 00000000 00:00 0 
7f00b8021000-7f00bc000000 ---p 00000000 00:00 0 
7f00bc000000-7f00bc003000 r--s 00021000 08:01 422420                     /home/ded/.m2/repository/org/apache/tomcat/tomcat-jdbc/8.5.16/tomcat-jdbc-8.5.16.jar
7f00bc003000-7f00bc009000 r--s 0003d000 08:01 422410                     /home/ded/.m2/repository/org/yaml/snakeyaml/1.17/snakeyaml-1.17.jar
7f00bc009000-7f00bc014000 r--s 0006a000 08:01 422404                     /home/ded/.m2/repository/ch/qos/logback/logback-core/1.1.11/logback-core-1.1.11.jar
7f00bc014000-7f00bc01b000 r--s 00045000 08:01 422402                     /home/ded/.m2/repository/ch/qos/logback/logback-classic/1.1.11/logback-classic-1.1.11.jar
7f00bc01b000-7f00bc03c000 r--s 000e5000 08:01 422398                     /home/ded/.m2/repository/org/springframework/boot/spring-boot-autoconfigure/1.5.6.RELEASE/spring-boot-autoconfigure-1.5.6.RELEASE.jar
7f00bc03c000-7f00bc04c000 r--s 00095000 08:01 422396                     /home/ded/.m2/repository/org/springframework/boot/spring-boot/1.5.6.RELEASE/spring-boot-1.5.6.RELEASE.jar
7f00bc04c000-7f00bc14d000 rw-p 00000000 00:00 0 
7f00bc14d000-7f00bc31b000 r--s 03c13000 08:01 150923                     /usr/lib/jvm/java-8-openjdk-amd64/jre/lib/rt.jar
7f00bc31b000-7f00bceff000 rw-p 00000000 00:00 0 
7f00bceff000-7f00bcf00000 ---p 00000000 00:00 0 
7f00bcf00000-7f00bd000000 rw-p 00000000 00:00 0 
7f00bd000000-7f00be180000 rwxp 00000000 00:00 0 
7f00be180000-7f00cc000000 ---p 00000000 00:00 0 
7f00cc000000-7f00cd86f000 rw-p 00000000 00:00 0 
7f00cd86f000-7f00d0000000 ---p 00000000 00:00 0 
7f00d0000000-7f00d0001000 r--s 00000000 08:01 422418                     /home/ded/.m2/repository/org/springframework/boot/spring-boot-starter-jdbc/1.5.6.RELEASE/spring-boot-starter-jdbc-1.5.6.RELEASE.jar
7f00d0001000-7f00d0002000 r--s 00000000 08:01 422412                     /home/ded/.m2/repository/org/springframework/boot/spring-boot-starter-aop/1.5.6.RELEASE/spring-boot-starter-aop-1.5.6.RELEASE.jar
7f00d0002000-7f00d0004000 r--s 00004000 08:01 422408                     /home/ded/.m2/repository/org/slf4j/log4j-over-slf4j/1.7.25/log4j-over-slf4j-1.7.25.jar
7f00d0004000-7f00d0006000 r--s 00000000 08:01 422406                     /home/ded/.m2/repository/org/slf4j/jul-to-slf4j/1.7.25/jul-to-slf4j-1.7.25.jar
7f00d0006000-7f00d0007000 r--s 00000000 08:01 422400                     /home/ded/.m2/repository/org/springframework/boot/spring-boot-starter-logging/1.5.6.RELEASE/spring-boot-starter-logging-1.5.6.RELEASE.jar
7f00d0007000-7f00d0008000 r--s 00000000 08:01 422394                     /home/ded/.m2/repository/org/springframework/boot/spring-boot-starter/1.5.6.RELEASE/spring-boot-starter-1.5.6.RELEASE.jar
7f00d0008000-7f00d0009000 r--s 00000000 08:01 422392                     /home/ded/.m2/repository/org/springframework/boot/spring-boot-starter-data-jpa/1.5.6.RELEASE/spring-boot-starter-data-jpa-1.5.6.RELEASE.jar
7f00d0009000-7f00d001c000 r--s 00346000 08:01 150925                     /usr/lib/jvm/java-8-openjdk-amd64/jre/lib/resources.jar
7f00d001c000-7f00d0021000 r--s 0009a000 08:01 150924                     /usr/lib/jvm/java-8-openjdk-amd64/jre/lib/jsse.jar
7f00d0021000-7f00d0024000 r--s 00015000 08:01 151069                     /usr/lib/jvm/java-8-openjdk-amd64/jre/lib/jce.jar
7f00d0024000-7f00d0029000 r--s 002f9000 08:01 150929                     /usr/lib/jvm/java-8-openjdk-amd64/jre/lib/charsets.jar
7f00d0029000-7f00d0044000 r--s 00394000 08:01 268410                     /usr/lib/jvm/java-8-openjdk-amd64/jre/lib/ext/cldrdata.jar
7f00d0044000-7f00d005f000 r--s 001d6000 08:01 268411                     /usr/lib/jvm/java-8-openjdk-amd64/jre/lib/ext/nashorn.jar
7f00d005f000-7f00d00d5000 rw-p 00000000 00:00 0 
7f00d00d5000-7f00d00d6000 ---p 00000000 00:00 0 
7f00d00d6000-7f00d01d6000 rw-p 00000000 00:00 0 
7f00d01d6000-7f00d01d7000 ---p 00000000 00:00 0 
7f00d01d7000-7f00d02d7000 rw-p 00000000 00:00 0 
7f00d02d7000-7f00d02d8000 ---p 00000000 00:00 0 
7f00d02d8000-7f00d03d8000 rw-p 00000000 00:00 0 
7f00d03d8000-7f00d03d9000 ---p 00000000 00:00 0 
7f00d03d9000-7f00d04d9000 rw-p 00000000 00:00 0 
7f00d04d9000-7f00d04da000 ---p 00000000 00:00 0 
7f00d04da000-7f00d05da000 rw-p 00000000 00:00 0 
7f00d05da000-7f00d05db000 ---p 00000000 00:00 0 
7f00d05db000-7f00d06db000 rw-p 00000000 00:00 0 
7f00d06db000-7f00d06dc000 ---p 00000000 00:00 0 
7f00d06dc000-7f00d0810000 rw-p 00000000 00:00 0 
7f00d0810000-7f00d0a74000 ---p 00000000 00:00 0 
7f00d0a74000-7f00d0aa8000 rw-p 00000000 00:00 0 
7f00d0aa8000-7f00d0d0c000 ---p 00000000 00:00 0 
7f00d0d0c000-7f00d0da1000 rw-p 00000000 00:00 0 
7f00d0da1000-7f00d0e58000 ---p 00000000 00:00 0 
7f00d0e58000-7f00d0e9f000 rw-p 00000000 00:00 0 
7f00d0e9f000-7f00d1219000 ---p 00000000 00:00 0 
7f00d1219000-7f00d1221000 r-xp 00000000 08:01 268434                     /usr/lib/jvm/java-8-openjdk-amd64/jre/lib/amd64/libzip.so
7f00d1221000-7f00d1420000 ---p 00008000 08:01 268434                     /usr/lib/jvm/java-8-openjdk-amd64/jre/lib/amd64/libzip.so
7f00d1420000-7f00d1421000 r--p 00007000 08:01 268434                     /usr/lib/jvm/java-8-openjdk-amd64/jre/lib/amd64/libzip.so
7f00d1421000-7f00d1422000 rw-p 00008000 08:01 268434                     /usr/lib/jvm/java-8-openjdk-amd64/jre/lib/amd64/libzip.so
7f00d1422000-7f00d142d000 r-xp 00000000 08:01 276754                     /lib/x86_64-linux-gnu/libnss_files-2.23.so
7f00d142d000-7f00d162c000 ---p 0000b000 08:01 276754                     /lib/x86_64-linux-gnu/libnss_files-2.23.so
7f00d162c000-7f00d162d000 r--p 0000a000 08:01 276754                     /lib/x86_64-linux-gnu/libnss_files-2.23.so
7f00d162d000-7f00d162e000 rw-p 0000b000 08:01 276754                     /lib/x86_64-linux-gnu/libnss_files-2.23.so
7f00d162e000-7f00d1634000 rw-p 00000000 00:00 0 
7f00d1634000-7f00d163f000 r-xp 00000000 08:01 276757                     /lib/x86_64-linux-gnu/libnss_nis-2.23.so
7f00d163f000-7f00d183e000 ---p 0000b000 08:01 276757                     /lib/x86_64-linux-gnu/libnss_nis-2.23.so
7f00d183e000-7f00d183f000 r--p 0000a000 08:01 276757                     /lib/x86_64-linux-gnu/libnss_nis-2.23.so
7f00d183f000-7f00d1840000 rw-p 0000b000 08:01 276757                     /lib/x86_64-linux-gnu/libnss_nis-2.23.so
7f00d1840000-7f00d1856000 r-xp 00000000 08:01 262150                     /lib/x86_64-linux-gnu/libnsl-2.23.so
7f00d1856000-7f00d1a55000 ---p 00016000 08:01 262150                     /lib/x86_64-linux-gnu/libnsl-2.23.so
7f00d1a55000-7f00d1a56000 r--p 00015000 08:01 262150                     /lib/x86_64-linux-gnu/libnsl-2.23.so
7f00d1a56000-7f00d1a57000 rw-p 00016000 08:01 262150                     /lib/x86_64-linux-gnu/libnsl-2.23.so
7f00d1a57000-7f00d1a59000 rw-p 00000000 00:00 0 
7f00d1a59000-7f00d1a61000 r-xp 00000000 08:01 276763                     /lib/x86_64-linux-gnu/libnss_compat-2.23.so
7f00d1a61000-7f00d1c60000 ---p 00008000 08:01 276763                     /lib/x86_64-linux-gnu/libnss_compat-2.23.so
7f00d1c60000-7f00d1c61000 r--p 00007000 08:01 276763                     /lib/x86_64-linux-gnu/libnss_compat-2.23.so
7f00d1c61000-7f00d1c62000 rw-p 00008000 08:01 276763                     /lib/x86_64-linux-gnu/libnss_compat-2.23.so
7f00d1c62000-7f00d1c6c000 r-xp 00000000 08:01 268421                     /usr/lib/jvm/java-8-openjdk-amd64/jre/lib/amd64/libinstrument.so
7f00d1c6c000-7f00d1e6b000 ---p 0000a000 08:01 268421                     /usr/lib/jvm/java-8-openjdk-amd64/jre/lib/amd64/libinstrument.so
7f00d1e6b000-7f00d1e6c000 r--p 00009000 08:01 268421                     /usr/lib/jvm/java-8-openjdk-amd64/jre/lib/amd64/libinstrument.so
7f00d1e6c000-7f00d1e6d000 rw-p 0000a000 08:01 268421                     /usr/lib/jvm/java-8-openjdk-amd64/jre/lib/amd64/libinstrument.so
7f00d1e6d000-7f00d1e9a000 r-xp 00000000 08:01 268449                     /usr/lib/jvm/java-8-openjdk-amd64/jre/lib/amd64/libjava.so
7f00d1e9a000-7f00d2099000 ---p 0002d000 08:01 268449                     /usr/lib/jvm/java-8-openjdk-amd64/jre/lib/amd64/libjava.so
7f00d2099000-7f00d209a000 r--p 0002c000 08:01 268449                     /usr/lib/jvm/java-8-openjdk-amd64/jre/lib/amd64/libjava.so
7f00d209a000-7f00d209c000 rw-p 0002d000 08:01 268449                     /usr/lib/jvm/java-8-openjdk-amd64/jre/lib/amd64/libjava.so
7f00d209c000-7f00d20ab000 r-xp 00000000 08:01 268427                     /usr/lib/jvm/java-8-openjdk-amd64/jre/lib/amd64/libverify.so
7f00d20ab000-7f00d22aa000 ---p 0000f000 08:01 268427                     /usr/lib/jvm/java-8-openjdk-amd64/jre/lib/amd64/libverify.so
7f00d22aa000-7f00d22ac000 r--p 0000e000 08:01 268427                     /usr/lib/jvm/java-8-openjdk-amd64/jre/lib/amd64/libverify.so
7f00d22ac000-7f00d22ad000 rw-p 00010000 08:01 268427                     /usr/lib/jvm/java-8-openjdk-amd64/jre/lib/amd64/libverify.so
7f00d22ad000-7f00d22b4000 r-xp 00000000 08:01 276759                     /lib/x86_64-linux-gnu/librt-2.23.so
7f00d22b4000-7f00d24b3000 ---p 00007000 08:01 276759                     /lib/x86_64-linux-gnu/librt-2.23.so
7f00d24b3000-7f00d24b4000 r--p 00006000 08:01 276759                     /lib/x86_64-linux-gnu/librt-2.23.so
7f00d24b4000-7f00d24b5000 rw-p 00007000 08:01 276759                     /lib/x86_64-linux-gnu/librt-2.23.so
7f00d24b5000-7f00d24cb000 r-xp 00000000 08:01 267774                     /lib/x86_64-linux-gnu/libgcc_s.so.1
7f00d24cb000-7f00d26ca000 ---p 00016000 08:01 267774                     /lib/x86_64-linux-gnu/libgcc_s.so.1
7f00d26ca000-7f00d26cb000 rw-p 00015000 08:01 267774                     /lib/x86_64-linux-gnu/libgcc_s.so.1
7f00d26cb000-7f00d27d3000 r-xp 00000000 08:01 276768                     /lib/x86_64-linux-gnu/libm-2.23.so
7f00d27d3000-7f00d29d2000 ---p 00108000 08:01 276768                     /lib/x86_64-linux-gnu/libm-2.23.so
7f00d29d2000-7f00d29d3000 r--p 00107000 08:01 276768                     /lib/x86_64-linux-gnu/libm-2.23.so
7f00d29d3000-7f00d29d4000 rw-p 00108000 08:01 276768                     /lib/x86_64-linux-gnu/libm-2.23.so
7f00d29d4000-7f00d2b46000 r-xp 00000000 08:01 143181                     /usr/lib/x86_64-linux-gnu/libstdc++.so.6.0.21
7f00d2b46000-7f00d2d46000 ---p 00172000 08:01 143181                     /usr/lib/x86_64-linux-gnu/libstdc++.so.6.0.21
7f00d2d46000-7f00d2d50000 r--p 00172000 08:01 143181                     /usr/lib/x86_64-linux-gnu/libstdc++.so.6.0.21
7f00d2d50000-7f00d2d52000 rw-p 0017c000 08:01 143181                     /usr/lib/x86_64-linux-gnu/libstdc++.so.6.0.21
7f00d2d52000-7f00d2d56000 rw-p 00000000 00:00 0 
7f00d2d56000-7f00d39aa000 r-xp 00000000 08:01 268433                     /usr/lib/jvm/java-8-openjdk-amd64/jre/lib/amd64/server/libjvm.so
7f00d39aa000-7f00d3baa000 ---p 00c54000 08:01 268433                     /usr/lib/jvm/java-8-openjdk-amd64/jre/lib/amd64/server/libjvm.so
7f00d3baa000-7f00d3c3d000 r--p 00c54000 08:01 268433                     /usr/lib/jvm/java-8-openjdk-amd64/jre/lib/amd64/server/libjvm.so
7f00d3c3d000-7f00d3c66000 rw-p 00ce7000 08:01 268433                     /usr/lib/jvm/java-8-openjdk-amd64/jre/lib/amd64/server/libjvm.so
7f00d3c66000-7f00d3c96000 rw-p 00000000 00:00 0 
7f00d3c96000-7f00d3cae000 r-xp 00000000 08:01 276756                     /lib/x86_64-linux-gnu/libpthread-2.23.so
7f00d3cae000-7f00d3ead000 ---p 00018000 08:01 276756                     /lib/x86_64-linux-gnu/libpthread-2.23.so
7f00d3ead000-7f00d3eae000 r--p 00017000 08:01 276756                     /lib/x86_64-linux-gnu/libpthread-2.23.so
7f00d3eae000-7f00d3eaf000 rw-p 00018000 08:01 276756                     /lib/x86_64-linux-gnu/libpthread-2.23.so
7f00d3eaf000-7f00d3eb3000 rw-p 00000000 00:00 0 
7f00d3eb3000-7f00d3eb6000 r-xp 00000000 08:01 276762                     /lib/x86_64-linux-gnu/libdl-2.23.so
7f00d3eb6000-7f00d40b5000 ---p 00003000 08:01 276762                     /lib/x86_64-linux-gnu/libdl-2.23.so
7f00d40b5000-7f00d40b6000 r--p 00002000 08:01 276762                     /lib/x86_64-linux-gnu/libdl-2.23.so
7f00d40b6000-7f00d40b7000 rw-p 00003000 08:01 276762                     /lib/x86_64-linux-gnu/libdl-2.23.so
7f00d40b7000-7f00d40d0000 r-xp 00000000 08:01 268848                     /lib/x86_64-linux-gnu/libz.so.1.2.8
7f00d40d0000-7f00d42cf000 ---p 00019000 08:01 268848                     /lib/x86_64-linux-gnu/libz.so.1.2.8
7f00d42cf000-7f00d42d0000 r--p 00018000 08:01 268848                     /lib/x86_64-linux-gnu/libz.so.1.2.8
7f00d42d0000-7f00d42d1000 rw-p 00019000 08:01 268848                     /lib/x86_64-linux-gnu/libz.so.1.2.8
7f00d42d1000-7f00d4491000 r-xp 00000000 08:01 276773                     /lib/x86_64-linux-gnu/libc-2.23.so
7f00d4491000-7f00d4691000 ---p 001c0000 08:01 276773                     /lib/x86_64-linux-gnu/libc-2.23.so
7f00d4691000-7f00d4695000 r--p 001c0000 08:01 276773                     /lib/x86_64-linux-gnu/libc-2.23.so
7f00d4695000-7f00d4697000 rw-p 001c4000 08:01 276773                     /lib/x86_64-linux-gnu/libc-2.23.so
7f00d4697000-7f00d469b000 rw-p 00000000 00:00 0 
7f00d469b000-7f00d46a8000 r-xp 00000000 08:01 268425                     /usr/lib/jvm/java-8-openjdk-amd64/jre/lib/amd64/jli/libjli.so
7f00d46a8000-7f00d48a8000 ---p 0000d000 08:01 268425                     /usr/lib/jvm/java-8-openjdk-amd64/jre/lib/amd64/jli/libjli.so
7f00d48a8000-7f00d48a9000 r--p 0000d000 08:01 268425                     /usr/lib/jvm/java-8-openjdk-amd64/jre/lib/amd64/jli/libjli.so
7f00d48a9000-7f00d48aa000 rw-p 0000e000 08:01 268425                     /usr/lib/jvm/java-8-openjdk-amd64/jre/lib/amd64/jli/libjli.so
7f00d48aa000-7f00d48d0000 r-xp 00000000 08:01 276751                     /lib/x86_64-linux-gnu/ld-2.23.so
7f00d48d0000-7f00d48d1000 r--s 00000000 08:01 151024                     /usr/lib/jvm/java-8-openjdk-amd64/jre/lib/management-agent.jar
7f00d48d1000-7f00d48d3000 r--s 00008000 08:01 268418                     /usr/lib/jvm/java-8-openjdk-amd64/jre/lib/ext/sunec.jar
7f00d48d3000-7f00d48d7000 r--s 00037000 08:01 268413                     /usr/lib/jvm/java-8-openjdk-amd64/jre/lib/ext/sunpkcs11.jar
7f00d48d7000-7f00d48d8000 r--s 0000a000 08:01 268415                     /usr/lib/jvm/java-8-openjdk-amd64/jre/lib/ext/jaccess.jar
7f00d48d8000-7f00d48da000 r--s 00001000 08:01 268414                     /usr/lib/jvm/java-8-openjdk-amd64/jre/lib/ext/dnsns.jar
7f00d48da000-7f00d48db000 r--s 00010000 08:01 268419                     /usr/lib/jvm/java-8-openjdk-amd64/jre/lib/ext/zipfs.jar
7f00d48db000-7f00d48e0000 r--s 0003b000 08:01 268416                     /usr/lib/jvm/java-8-openjdk-amd64/jre/lib/ext/sunjce_provider.jar
7f00d48e0000-7f00d49b0000 rw-p 00000000 00:00 0 
7f00d49b0000-7f00d49b3000 ---p 00000000 00:00 0 
7f00d49b3000-7f00d4ab6000 rw-p 00000000 00:00 0 
7f00d4ab6000-7f00d4ac0000 r--s 00116000 08:01 268412                     /usr/lib/jvm/java-8-openjdk-amd64/jre/lib/ext/localedata.jar
7f00d4ac0000-7f00d4ac3000 r--s 0000f000 08:01 268417                     /usr/lib/jvm/java-8-openjdk-amd64/jre/lib/ext/icedtea-sound.jar
7f00d4ac3000-7f00d4acb000 rw-s 00000000 08:01 1464816                    /tmp/hsperfdata_ded/110048
7f00d4acb000-7f00d4acc000 rw-p 00000000 00:00 0 
7f00d4acc000-7f00d4acd000 r--p 00000000 00:00 0 
7f00d4acd000-7f00d4acf000 rw-p 00000000 00:00 0 
7f00d4acf000-7f00d4ad0000 r--p 00025000 08:01 276751                     /lib/x86_64-linux-gnu/ld-2.23.so
7f00d4ad0000-7f00d4ad1000 rw-p 00026000 08:01 276751                     /lib/x86_64-linux-gnu/ld-2.23.so
7f00d4ad1000-7f00d4ad2000 rw-p 00000000 00:00 0 
7ffe2dbc8000-7ffe2dbeb000 rw-p 00000000 00:00 0                          [stack]
7ffe2dbef000-7ffe2dbf1000 r--p 00000000 00:00 0                          [vvar]
7ffe2dbf1000-7ffe2dbf3000 r-xp 00000000 00:00 0                          [vdso]
ffffffffff600000-ffffffffff601000 r-xp 00000000 00:00 0                  [vsyscall]

VM Arguments:
jvm_args: -javaagent:/home/ded/Downloads/idea-IU-172.3544.35/lib/idea_rt.jar=40551:/home/ded/Downloads/idea-IU-172.3544.35/bin -Dfile.encoding=UTF-8 
java_command: bookingapp.pack.BookingApp
java_class_path (initial): /usr/lib/jvm/java-1.8.0-openjdk-amd64/jre/lib/charsets.jar:/usr/lib/jvm/java-1.8.0-openjdk-amd64/jre/lib/ext/cldrdata.jar:/usr/lib/jvm/java-1.8.0-openjdk-amd64/jre/lib/ext/dnsns.jar:/usr/lib/jvm/java-1.8.0-openjdk-amd64/jre/lib/ext/icedtea-sound.jar:/usr/lib/jvm/java-1.8.0-openjdk-amd64/jre/lib/ext/jaccess.jar:/usr/lib/jvm/java-1.8.0-openjdk-amd64/jre/lib/ext/localedata.jar:/usr/lib/jvm/java-1.8.0-openjdk-amd64/jre/lib/ext/nashorn.jar:/usr/lib/jvm/java-1.8.0-openjdk-amd64/jre/lib/ext/sunec.jar:/usr/lib/jvm/java-1.8.0-openjdk-amd64/jre/lib/ext/sunjce_provider.jar:/usr/lib/jvm/java-1.8.0-openjdk-amd64/jre/lib/ext/sunpkcs11.jar:/usr/lib/jvm/java-1.8.0-openjdk-amd64/jre/lib/ext/zipfs.jar:/usr/lib/jvm/java-1.8.0-openjdk-amd64/jre/lib/jce.jar:/usr/lib/jvm/java-1.8.0-openjdk-amd64/jre/lib/jsse.jar:/usr/lib/jvm/java-1.8.0-openjdk-amd64/jre/lib/management-agent.jar:/usr/lib/jvm/java-1.8.0-openjdk-amd64/jre/lib/resources.jar:/usr/lib/jvm/java-1.8.0-openjdk-amd64/jre/lib/rt.jar:/home/ded/Documents/mygit/greenteam/booking/target/classes:/home/ded/.m2/repository/org/springframework/boot/spring-boot-starter-data-jpa/1.5.6.RELEASE/spring-boot-starter-data-jpa-1.5.6.RELEASE.jar:/home/ded/.m2/repository/org/springframework/boot/spring-boot-starter/1.5.6.RELEASE/spring-boot-starter-1.5.6.RELEASE.jar:/home/ded/.m2/repository/org/springframework/boot/spring-boot/1.5.6.RELEASE/spring-boot-1.5.6.RELEASE.jar:/home/ded/.m2/repository/org/springframework/boot/spring-boot-autoconfigure/1.5.6.RELEASE/spring-boot-autoconfigure-1.5.6.RELEASE.jar:/home/ded/.m2/repository/org/springframework/boot/spring-boot-starter-logging/1.5.6.RELEASE/spring-boot-starter-logging-1.5.6.RELEASE.jar:/home/ded/.m2/repository/ch/qos/logback/logback-classic/1.1.11/logback-classic-1.1.11.jar:/home/ded/.m2/repository/ch/qos/logback/logback-core/1.1.11/logback-core-1.1.11.jar:/home/ded/.m2/repository/org/slf4j/jul-to-slf4j/1.7.25/jul-to-slf4j-1.7.25.jar:/home/ded/.m2/repository/org/slf4j/lo
Launcher Type: SUN_STANDARD

Environment Variables:
PATH=/home/ded/bin:/home/ded/.local/bin:/usr/local/sbin:/usr/local/bin:/usr/sbin:/usr/bin:/sbin:/bin:/usr/games:/usr/local/games:/snap/bin
LD_LIBRARY_PATH=/home/ded/Downloads/idea-IU-172.3544.35/bin:
SHELL=/bin/bash
DISPLAY=:0

Signal Handlers:
SIGSEGV: [libjvm.so+0xa6ad10], sa_mask[0]=11111111011111111101111111111110, sa_flags=SA_RESTART|SA_SIGINFO
SIGBUS: [libjvm.so+0xa6ad10], sa_mask[0]=11111111011111111101111111111110, sa_flags=SA_RESTART|SA_SIGINFO
SIGFPE: [libjvm.so+0x8b3bc0], sa_mask[0]=11111111011111111101111111111110, sa_flags=SA_RESTART|SA_SIGINFO
SIGPIPE: [libjvm.so+0x8b3bc0], sa_mask[0]=11111111011111111101111111111110, sa_flags=SA_RESTART|SA_SIGINFO
SIGXFSZ: [libjvm.so+0x8b3bc0], sa_mask[0]=11111111011111111101111111111110, sa_flags=SA_RESTART|SA_SIGINFO
SIGILL: [libjvm.so+0x8b3bc0], sa_mask[0]=11111111011111111101111111111110, sa_flags=SA_RESTART|SA_SIGINFO
SIGUSR1: SIG_DFL, sa_mask[0]=00000000000000000000000000000000, sa_flags=none
SIGUSR2: [libjvm.so+0x8b3a70], sa_mask[0]=00100000000000000000000000000000, sa_flags=SA_RESTART|SA_SIGINFO
SIGHUP: [libjvm.so+0x8b3f40], sa_mask[0]=11111111011111111101111111111110, sa_flags=SA_RESTART|SA_SIGINFO
SIGINT: [libjvm.so+0x8b3f40], sa_mask[0]=11111111011111111101111111111110, sa_flags=SA_RESTART|SA_SIGINFO
SIGTERM: [libjvm.so+0x8b3f40], sa_mask[0]=11111111011111111101111111111110, sa_flags=SA_RESTART|SA_SIGINFO
SIGQUIT: [libjvm.so+0x8b3f40], sa_mask[0]=11111111011111111101111111111110, sa_flags=SA_RESTART|SA_SIGINFO


---------------  S Y S T E M  ---------------

OS:DISTRIB_ID=Ubuntu
DISTRIB_RELEASE=16.04
DISTRIB_CODENAME=xenial
DISTRIB_DESCRIPTION="Ubuntu 16.04.2 LTS"

uname:Linux 4.10.0-32-generic #36~16.04.1-Ubuntu SMP Wed Aug 9 09:19:02 UTC 2017 x86_64
libc:glibc 2.23 NPTL 2.23 
rlimit: STACK 8192k, CORE 0k, NPROC 31678, NOFILE 65536, AS infinity
load average:1.14 0.67 0.63

/proc/meminfo:
MemTotal:        8154212 kB
MemFree:          134544 kB
MemAvailable:     275412 kB
Buffers:            9300 kB
Cached:           359592 kB
SwapCached:       111804 kB
Active:          4256780 kB
Inactive:         820944 kB
Active(anon):    4111520 kB
Inactive(anon):   676012 kB
Active(file):     145260 kB
Inactive(file):   144932 kB
Unevictable:          64 kB
Mlocked:              64 kB
SwapTotal:       4191228 kB
SwapFree:        3677524 kB
Dirty:               980 kB
Writeback:             0 kB
AnonPages:       4477296 kB
Mapped:           249072 kB
Shmem:             78464 kB
Slab:             264220 kB
SReclaimable:     144216 kB
SUnreclaim:       120004 kB
KernelStack:       18656 kB
PageTables:        70264 kB
NFS_Unstable:          0 kB
Bounce:                0 kB
WritebackTmp:          0 kB
CommitLimit:     8268332 kB
Committed_AS:   11745840 kB
VmallocTotal:   34359738367 kB
VmallocUsed:           0 kB
VmallocChunk:          0 kB
HardwareCorrupted:     0 kB
AnonHugePages:   1933312 kB
ShmemHugePages:        0 kB
ShmemPmdMapped:        0 kB
CmaTotal:              0 kB
CmaFree:               0 kB
HugePages_Total:       0
HugePages_Free:        0
HugePages_Rsvd:        0
HugePages_Surp:        0
Hugepagesize:       2048 kB
DirectMap4k:      284480 kB
DirectMap2M:     8103936 kB
DirectMap1G:     2097152 kB


CPU:total 8 (initial active 8) (2 cores per cpu, 1 threads per core) family 6 model 60 stepping 3, cmov, cx8, fxsr, mmx, sse, sse2, sse3, ssse3, sse4.1, sse4.2, popcnt, avx, avx2, aes, clmul, erms, lzcnt, tsc, tscinvbit, bmi1, bmi2

/proc/cpuinfo:
processor	: 0
vendor_id	: GenuineIntel
cpu family	: 6
model		: 60
model name	: Intel(R) Core(TM) i7-4720HQ CPU @ 2.60GHz
stepping	: 3
microcode	: 0x1e
cpu MHz		: 2594.006
cache size	: 6144 KB
physical id	: 0
siblings	: 2
core id		: 0
cpu cores	: 2
apicid		: 0
initial apicid	: 0
fpu		: yes
fpu_exception	: yes
cpuid level	: 13
wp		: yes
flags		: fpu vme de pse tsc msr pae mce cx8 apic sep mtrr pge mca cmov pat pse36 clflush dts mmx fxsr sse sse2 ss ht syscall nx pdpe1gb rdtscp lm constant_tsc arch_perfmon pebs bts nopl xtopology tsc_reliable nonstop_tsc aperfmperf pni pclmulqdq ssse3 fma cx16 pcid sse4_1 sse4_2 x2apic movbe popcnt tsc_deadline_timer aes xsave avx f16c rdrand hypervisor lahf_lm abm epb fsgsbase tsc_adjust bmi1 avx2 smep bmi2 invpcid xsaveopt dtherm ida arat pln pts
bugs		:
bogomips	: 5188.01
clflush size	: 64
cache_alignment	: 64
address sizes	: 42 bits physical, 48 bits virtual
power management:

processor	: 1
vendor_id	: GenuineIntel
cpu family	: 6
model		: 60
model name	: Intel(R) Core(TM) i7-4720HQ CPU @ 2.60GHz
stepping	: 3
microcode	: 0x1e
cpu MHz		: 2594.006
cache size	: 6144 KB
physical id	: 0
siblings	: 2
core id		: 1
cpu cores	: 2
apicid		: 1
initial apicid	: 1
fpu		: yes
fpu_exception	: yes
cpuid level	: 13
wp		: yes
flags		: fpu vme de pse tsc msr pae mce cx8 apic sep mtrr pge mca cmov pat pse36 clflush dts mmx fxsr sse sse2 ss ht syscall nx pdpe1gb rdtscp lm constant_tsc arch_perfmon pebs bts nopl xtopology tsc_reliable nonstop_tsc aperfmperf pni pclmulqdq ssse3 fma cx16 pcid sse4_1 sse4_2 x2apic movbe popcnt tsc_deadline_timer aes xsave avx f16c rdrand hypervisor lahf_lm abm epb fsgsbase tsc_adjust bmi1 avx2 smep bmi2 invpcid xsaveopt dtherm ida arat pln pts
bugs		:
bogomips	: 5188.01
clflush size	: 64
cache_alignment	: 64
address sizes	: 42 bits physical, 48 bits virtual
power management:

processor	: 2
vendor_id	: GenuineIntel
cpu family	: 6
model		: 60
model name	: Intel(R) Core(TM) i7-4720HQ CPU @ 2.60GHz
stepping	: 3
microcode	: 0x1e
cpu MHz		: 2594.006
cache size	: 6144 KB
physical id	: 1
siblings	: 2
core id		: 0
cpu cores	: 2
apicid		: 2
initial apicid	: 2
fpu		: yes
fpu_exception	: yes
cpuid level	: 13
wp		: yes
flags		: fpu vme de pse tsc msr pae mce cx8 apic sep mtrr pge mca cmov pat pse36 clflush dts mmx fxsr sse sse2 ss ht syscall nx pdpe1gb rdtscp lm constant_tsc arch_perfmon pebs bts nopl xtopology tsc_reliable nonstop_tsc aperfmperf pni pclmulqdq ssse3 fma cx16 pcid sse4_1 sse4_2 x2apic movbe popcnt tsc_deadline_timer aes xsave avx f16c rdrand hypervisor lahf_lm abm epb fsgsbase tsc_adjust bmi1 avx2 smep bmi2 invpcid xsaveopt dtherm ida arat pln pts
bugs		:
bogomips	: 5188.01
clflush size	: 64
cache_alignment	: 64
address sizes	: 42 bits physical, 48 bits virtual
power management:

processor	: 3
vendor_id	: GenuineIntel
cpu family	: 6
model		: 60
model name	: Intel(R) Core(TM) i7-4720HQ CPU @ 2.60GHz
stepping	: 3
microcode	: 0x1e
cpu MHz		: 2594.006
cache size	: 6144 KB
physical id	: 1
siblings	: 2
core id		: 1
cpu cores	: 2
apicid		: 3
initial apicid	: 3
fpu		: yes
fpu_exception	: yes
cpuid level	: 13
wp		: yes
flags		: fpu vme de pse tsc msr pae mce cx8 apic sep mtrr pge mca cmov pat pse36 clflush dts mmx fxsr sse sse2 ss ht syscall nx pdpe1gb rdtscp lm constant_tsc arch_perfmon pebs bts nopl xtopology tsc_reliable nonstop_tsc aperfmperf pni pclmulqdq ssse3 fma cx16 pcid sse4_1 sse4_2 x2apic movbe popcnt tsc_deadline_timer aes xsave avx f16c rdrand hypervisor lahf_lm abm epb fsgsbase tsc_adjust bmi1 avx2 smep bmi2 invpcid xsaveopt dtherm ida arat pln pts
bugs		:
bogomips	: 5188.01
clflush size	: 64
cache_alignment	: 64
address sizes	: 42 bits physical, 48 bits virtual
power management:

processor	: 4
vendor_id	: GenuineIntel
cpu family	: 6
model		: 60
model name	: Intel(R) Core(TM) i7-4720HQ CPU @ 2.60GHz
stepping	: 3
microcode	: 0x1e
cpu MHz		: 2594.006
cache size	: 6144 KB
physical id	: 2
siblings	: 2
core id		: 0
cpu cores	: 2
apicid		: 4
initial apicid	: 4
fpu		: yes
fpu_exception	: yes
cpuid level	: 13
wp		: yes
flags		: fpu vme de pse tsc msr pae mce cx8 apic sep mtrr pge mca cmov pat pse36 clflush dts mmx fxsr sse sse2 ss ht syscall nx pdpe1gb rdtscp lm constant_tsc arch_perfmon pebs bts nopl xtopology tsc_reliable nonstop_tsc aperfmperf pni pclmulqdq ssse3 fma cx16 pcid sse4_1 sse4_2 x2apic movbe popcnt tsc_deadline_timer aes xsave avx f16c rdrand hypervisor lahf_lm abm epb fsgsbase tsc_adjust bmi1 avx2 smep bmi2 invpcid xsaveopt dtherm ida arat pln pts
bugs		:
bogomips	: 5188.01
clflush size	: 64
cache_alignment	: 64
address sizes	: 42 bits physical, 48 bits virtual
power management:

processor	: 5
vendor_id	: GenuineIntel
cpu family	: 6
model		: 60
model name	: Intel(R) Core(TM) i7-4720HQ CPU @ 2.60GHz
stepping	: 3
microcode	: 0x1e
cpu MHz		: 2594.006
cache size	: 6144 KB
physical id	: 2
siblings	: 2
core id		: 1
cpu cores	: 2
apicid		: 5
initial apicid	: 5
fpu		: yes
fpu_exception	: yes
cpuid level	: 13
wp		: yes
flags		: fpu vme de pse tsc msr pae mce cx8 apic sep mtrr pge mca cmov pat pse36 clflush dts mmx fxsr sse sse2 ss ht syscall nx pdpe1gb rdtscp lm constant_tsc arch_perfmon pebs bts nopl xtopology tsc_reliable nonstop_tsc aperfmperf pni pclmulqdq ssse3 fma cx16 pcid sse4_1 sse4_2 x2apic movbe popcnt tsc_deadline_timer aes xsave avx f16c rdrand hypervisor lahf_lm abm epb fsgsbase tsc_adjust bmi1 avx2 smep bmi2 invpcid xsaveopt dtherm ida arat pln pts
bugs		:
bogomips	: 5188.01
clflush size	: 64
cache_alignment	: 64
address sizes	: 42 bits physical, 48 bits virtual
power management:

processor	: 6
vendor_id	: GenuineIntel
cpu family	: 6
model		: 60
model name	: Intel(R) Core(TM) i7-4720HQ CPU @ 2.60GHz
stepping	: 3
microcode	: 0x1e
cpu MHz		: 2594.006
cache size	: 6144 KB
physical id	: 3
siblings	: 2
core id		: 0
cpu cores	: 2
apicid		: 6
initial apicid	: 6
fpu		: yes
fpu_exception	: yes
cpuid level	: 13
wp		: yes
flags		: fpu vme de pse tsc msr pae mce cx8 apic sep mtrr pge mca cmov pat pse36 clflush dts mmx fxsr sse sse2 ss ht syscall nx pdpe1gb rdtscp lm constant_tsc arch_perfmon pebs bts nopl xtopology tsc_reliable nonstop_tsc aperfmperf pni pclmulqdq ssse3 fma cx16 pcid sse4_1 sse4_2 x2apic movbe popcnt tsc_deadline_timer aes xsave avx f16c rdrand hypervisor lahf_lm abm epb fsgsbase tsc_adjust bmi1 avx2 smep bmi2 invpcid xsaveopt dtherm ida arat pln pts
bugs		:
bogomips	: 5188.01
clflush size	: 64
cache_alignment	: 64
address sizes	: 42 bits physical, 48 bits virtual
power management:

processor	: 7
vendor_id	: GenuineIntel
cpu family	: 6
model		: 60
model name	: Intel(R) Core(TM) i7-4720HQ CPU @ 2.60GHz
stepping	: 3
microcode	: 0x1e
cpu MHz		: 2594.006
cache size	: 6144 KB
physical id	: 3
siblings	: 2
core id		: 1
cpu cores	: 2
apicid		: 7
initial apicid	: 7
fpu		: yes
fpu_exception	: yes
cpuid level	: 13
wp		: yes
flags		: fpu vme de pse tsc msr pae mce cx8 apic sep mtrr pge mca cmov pat pse36 clflush dts mmx fxsr sse sse2 ss ht syscall nx pdpe1gb rdtscp lm constant_tsc arch_perfmon pebs bts nopl xtopology tsc_reliable nonstop_tsc aperfmperf pni pclmulqdq ssse3 fma cx16 pcid sse4_1 sse4_2 x2apic movbe popcnt tsc_deadline_timer aes xsave avx f16c rdrand hypervisor lahf_lm abm epb fsgsbase tsc_adjust bmi1 avx2 smep bmi2 invpcid xsaveopt dtherm ida arat pln pts
bugs		:
bogomips	: 5188.01
clflush size	: 64
cache_alignment	: 64
address sizes	: 42 bits physical, 48 bits virtual
power management:



Memory: 4k page, physical 8154212k(134544k free), swap 4191228k(3677524k free)

vm_info: OpenJDK 64-Bit Server VM (25.131-b11) for linux-amd64 JRE (1.8.0_131-8u131-b11-2ubuntu1.16.04.3-b11), built on Jul 28 2017 01:23:32 by "buildd" with gcc 5.4.0 20160609

time: Thu Aug 17 22:08:10 2017
elapsed time: 5513 seconds (0d 1h 31m 53s)

